<?xml version="1.0" encoding="UTF-8"?>
<!-- Generated by org.testng.reporters.JUnitReportReporter -->
<testsuite hostname="DESKTOP-PEKRK84" failures="0" tests="2" name="cucumberoptions.Testrunner_TestNG" time="25.224" errors="0" timestamp="2023-07-25T12:28:22 IST" skipped="0">
  <testcase classname="cucumberoptions.Testrunner_TestNG" name="runScenario" time="13.256"/>
  <system-out/>
  <testcase classname="cucumberoptions.Testrunner_TestNG" name="runScenario" time="11.968"/>
  <system-out/>
</testsuite> <!-- cucumberoptions.Testrunner_TestNG -->
